\BOOKMARK [0][-]{chapter.1}{\376\377\000M\000a\000r\000k\000e\000t\000\040\000A\000n\000a\000l\000y\000s\000i\000s}{}% 1
\BOOKMARK [1][-]{section.1.1}{\376\377\000I\000n\000t\000r\000o\000d\000u\000c\000t\000i\000o\000n\000\040\000a\000n\000d\000\040\000E\000x\000e\000c\000u\000t\000i\000v\000e\000\040\000S\000u\000m\000m\000a\000r\000y}{chapter.1}% 2
\BOOKMARK [1][-]{section.1.2}{\376\377\000P\000r\000o\000d\000u\000c\000t\000\040\000O\000v\000e\000r\000v\000i\000e\000w\000\040\000a\000n\000d\000\040\000V\000a\000l\000u\000e\000\040\000P\000r\000o\000p\000o\000s\000i\000t\000i\000o\000n}{chapter.1}% 3
\BOOKMARK [1][-]{section.1.3}{\376\377\000M\000a\000r\000k\000e\000t\000\040\000S\000e\000g\000m\000e\000n\000t\000a\000t\000i\000o\000n\000\040\000S\000t\000r\000a\000t\000e\000g\000y\000\040\000O\000v\000e\000r\000v\000i\000e\000w}{chapter.1}% 4
\BOOKMARK [1][-]{section.1.4}{\376\377\000M\000a\000r\000k\000e\000t\000\040\000O\000p\000t\000i\000o\000n\000\040\0001\000:\000\040\000G\000o\000v\000e\000r\000n\000m\000e\000n\000t\000\040\000B\000r\000a\000k\000e\000\040\000T\000e\000s\000t\000i\000n\000g\000\040\000M\000a\000r\000k\000e\000t}{chapter.1}% 5
\BOOKMARK [2][-]{subsection.1.4.1}{\376\377\000M\000a\000r\000k\000e\000t\000\040\000O\000v\000e\000r\000v\000i\000e\000w\000\040\000a\000n\000d\000\040\000S\000i\000z\000e\000\040\000E\000s\000t\000i\000m\000a\000t\000i\000o\000n}{section.1.4}% 6
\BOOKMARK [2][-]{subsection.1.4.2}{\376\377\000M\000a\000r\000k\000e\000t\000\040\000S\000e\000g\000m\000e\000n\000t\000a\000t\000i\000o\000n}{section.1.4}% 7
\BOOKMARK [2][-]{subsection.1.4.3}{\376\377\000C\000o\000m\000m\000e\000r\000c\000i\000a\000l\000\040\000C\000h\000a\000l\000l\000e\000n\000g\000e\000s}{section.1.4}% 8
\BOOKMARK [1][-]{section.1.5}{\376\377\000M\000a\000r\000k\000e\000t\000\040\000O\000p\000t\000i\000o\000n\000\040\0002\000:\000\040\000A\000I\000\040\000a\000n\000d\000\040\000A\000u\000t\000o\000n\000o\000m\000o\000u\000s\000\040\000V\000e\000h\000i\000c\000l\000e\000\040\000T\000e\000s\000t\000i\000n\000g\000\040\000M\000a\000r\000k\000e\000t}{chapter.1}% 9
\BOOKMARK [2][-]{subsection.1.5.1}{\376\377\000M\000a\000r\000k\000e\000t\000\040\000O\000v\000e\000r\000v\000i\000e\000w\000\040\000a\000n\000d\000\040\000S\000i\000z\000e\000\040\000E\000s\000t\000i\000m\000a\000t\000i\000o\000n}{section.1.5}% 10
\BOOKMARK [2][-]{subsection.1.5.2}{\376\377\000M\000a\000r\000k\000e\000t\000\040\000S\000e\000g\000m\000e\000n\000t\000a\000t\000i\000o\000n}{section.1.5}% 11
\BOOKMARK [1][-]{section.1.6}{\376\377\000C\000o\000m\000p\000e\000t\000i\000t\000i\000v\000e\000\040\000L\000a\000n\000d\000s\000c\000a\000p\000e\000\040\000A\000n\000a\000l\000y\000s\000i\000s}{chapter.1}% 12
\BOOKMARK [2][-]{subsection.1.6.1}{\376\377\000M\000a\000c\000r\000o\000\040\000A\000n\000a\000l\000y\000s\000i\000s\000:\000\040\000P\000o\000r\000t\000e\000r\000'\000s\000\040\0005\000\040\000F\000o\000r\000c\000e\000s}{section.1.6}% 13
\BOOKMARK [2][-]{subsection.1.6.2}{\376\377\000M\000i\000c\000r\000o\000\040\000A\000n\000a\000l\000y\000s\000i\000s\000:\000\040\000D\000i\000r\000e\000c\000t\000\040\000C\000o\000m\000p\000e\000t\000i\000t\000o\000r\000s}{section.1.6}% 14
\BOOKMARK [2][-]{subsection.1.6.3}{\376\377\000M\000i\000c\000r\000o\000\040\000A\000n\000a\000l\000y\000s\000i\000s\000:\000\040\000I\000n\000d\000i\000r\000e\000c\000t\000\040\000C\000o\000m\000p\000e\000t\000i\000t\000o\000r\000s}{section.1.6}% 15
\BOOKMARK [1][-]{section.1.7}{\376\377\000S\000t\000r\000a\000t\000e\000g\000i\000c\000\040\000P\000o\000s\000i\000t\000i\000o\000n\000i\000n\000g}{chapter.1}% 16
\BOOKMARK [1][-]{section.1.8}{\376\377\000T\000a\000r\000g\000e\000t\000\040\000M\000a\000r\000k\000e\000t\000\040\000S\000e\000l\000e\000c\000t\000i\000o\000n}{chapter.1}% 17
\BOOKMARK [2][-]{subsection.1.8.1}{\376\377\000L\000a\000r\000g\000e\000\040\000A\000u\000t\000o\000m\000o\000t\000i\000v\000e\000\040\000O\000E\000M\000s}{section.1.8}% 18
\BOOKMARK [2][-]{subsection.1.8.2}{\376\377\000E\000l\000e\000c\000t\000r\000i\000c\000\040\000V\000e\000h\000i\000c\000l\000e\000\040\000S\000t\000a\000r\000t\000u\000p\000s}{section.1.8}% 19
\BOOKMARK [2][-]{subsection.1.8.3}{\376\377\000I\000n\000d\000e\000p\000e\000n\000d\000e\000n\000t\000\040\000A\000I\000\040\000T\000e\000c\000h\000n\000o\000l\000o\000g\000y\000\040\000F\000i\000r\000m\000s}{section.1.8}% 20
\BOOKMARK [2][-]{subsection.1.8.4}{\376\377\000T\000a\000r\000g\000e\000t\000i\000n\000g\000\040\000S\000t\000r\000a\000t\000e\000g\000y}{section.1.8}% 21
\BOOKMARK [2][-]{subsection.1.8.5}{\376\377\000S\000e\000r\000v\000i\000c\000a\000b\000l\000e\000\040\000O\000b\000t\000a\000i\000n\000a\000b\000l\000e\000\040\000M\000a\000r\000k\000e\000t\000\040\000\050\000S\000O\000M\000\051\000\040\000E\000s\000t\000i\000m\000a\000t\000i\000o\000n}{section.1.8}% 22
\BOOKMARK [1][-]{section.1.9}{\376\377\000P\000e\000r\000s\000o\000n\000a\000s\000\040\000a\000n\000d\000\040\000U\000s\000e\000r\000\040\000J\000o\000u\000r\000n\000e\000y}{chapter.1}% 23
\BOOKMARK [1][-]{section.1.10}{\376\377\000R\000o\000l\000e\000\040\000o\000f\000\040\000U\000s\000e\000r\000s\000\040\000i\000n\000\040\000D\000e\000v\000e\000l\000o\000p\000m\000e\000n\000t}{chapter.1}% 24
\BOOKMARK [1][-]{section.1.11}{\376\377\000I\000n\000t\000e\000l\000l\000e\000c\000t\000u\000a\000l\000\040\000P\000r\000o\000p\000e\000r\000t\000y\000\040\000a\000n\000d\000\040\000B\000a\000r\000r\000i\000e\000r\000s\000\040\000t\000o\000\040\000E\000n\000t\000r\000y}{chapter.1}% 25
\BOOKMARK [1][-]{section.1.12}{\376\377\000R\000i\000s\000k\000\040\000A\000n\000a\000l\000y\000s\000i\000s\000\040\000a\000n\000d\000\040\000S\000t\000r\000a\000t\000e\000g\000i\000c\000\040\000T\000r\000a\000d\000e\000-\000o\000f\000f\000s}{chapter.1}% 26
\BOOKMARK [2][-]{subsection.1.12.1}{\376\377\000I\000n\000i\000t\000i\000a\000l\000\040\000P\000r\000o\000d\000u\000c\000t\000\040\000D\000e\000v\000e\000l\000o\000p\000m\000e\000n\000t\000\040\000R\000i\000s\000k}{section.1.12}% 27
\BOOKMARK [2][-]{subsection.1.12.2}{\376\377\000M\000a\000r\000k\000e\000t\000\040\000R\000i\000s\000k}{section.1.12}% 28
\BOOKMARK [2][-]{subsection.1.12.3}{\376\377\000T\000e\000c\000h\000n\000o\000l\000o\000g\000i\000c\000a\000l\000\040\000R\000i\000s\000k}{section.1.12}% 29
\BOOKMARK [2][-]{subsection.1.12.4}{\376\377\000S\000t\000r\000a\000t\000e\000g\000y\000\040\000a\000n\000d\000\040\000O\000p\000e\000r\000a\000t\000i\000o\000n\000a\000l\000\040\000R\000i\000s\000k}{section.1.12}% 30
\BOOKMARK [2][-]{subsection.1.12.5}{\376\377\000R\000e\000g\000u\000l\000a\000t\000o\000r\000y\000\040\000R\000i\000s\000k}{section.1.12}% 31
\BOOKMARK [2][-]{subsection.1.12.6}{\376\377\000C\000o\000m\000p\000e\000t\000i\000t\000i\000v\000e\000\040\000R\000i\000s\000k}{section.1.12}% 32
\BOOKMARK [1][-]{section.1.13}{\376\377\000C\000o\000n\000c\000l\000u\000s\000i\000o\000n}{chapter.1}% 33
