\BOOKMARK [1][-]{section.0.1}{\376\377\000B\000u\000s\000i\000n\000e\000s\000s\000\040\000C\000a\000s\000e\000\040\000f\000o\000r\000\040\000S\000u\000p\000e\000r\000c\000a\000p\000a\000c\000i\000t\000o\000r\000\040\000T\000e\000c\000h\000n\000o\000l\000o\000g\000y}{}% 1
\BOOKMARK [2][-]{subsection.0.1.1}{\376\377\000M\000a\000r\000k\000e\000t\000\040\000A\000n\000a\000l\000y\000s\000i\000s}{section.0.1}% 2
\BOOKMARK [2][-]{subsection.0.1.2}{\376\377\000C\000o\000m\000p\000e\000t\000i\000t\000i\000v\000e\000\040\000L\000a\000n\000d\000s\000c\000a\000p\000e}{section.0.1}% 3
\BOOKMARK [2][-]{subsection.0.1.3}{\376\377\000V\000a\000l\000u\000e\000\040\000P\000r\000o\000p\000o\000s\000i\000t\000i\000o\000n}{section.0.1}% 4
\BOOKMARK [1][-]{section.0.2}{\376\377\000C\000o\000s\000t\000-\000B\000e\000n\000e\000f\000i\000t\000\040\000A\000n\000a\000l\000y\000s\000i\000s}{}% 5
\BOOKMARK [2][-]{subsection.0.2.1}{\376\377\000C\000o\000m\000p\000o\000n\000e\000n\000t\000\040\000C\000o\000s\000t\000s}{section.0.2}% 6
\BOOKMARK [2][-]{subsection.0.2.2}{\376\377\000P\000e\000r\000f\000o\000r\000m\000a\000n\000c\000e\000-\000C\000o\000s\000t\000\040\000T\000r\000a\000d\000e\000-\000o\000f\000f\000s}{section.0.2}% 7
\BOOKMARK [2][-]{subsection.0.2.3}{\376\377\000S\000c\000a\000l\000a\000b\000i\000l\000i\000t\000y\000\040\000C\000o\000n\000s\000i\000d\000e\000r\000a\000t\000i\000o\000n\000s}{section.0.2}% 8
\BOOKMARK [1][-]{section.0.3}{\376\377\000A\000p\000p\000l\000i\000c\000a\000t\000i\000o\000n\000s\000\040\000a\000n\000d\000\040\000M\000a\000r\000k\000e\000t\000\040\000O\000p\000p\000o\000r\000t\000u\000n\000i\000t\000i\000e\000s}{}% 9
\BOOKMARK [2][-]{subsection.0.3.1}{\376\377\000A\000u\000t\000o\000m\000o\000t\000i\000v\000e\000\040\000A\000p\000p\000l\000i\000c\000a\000t\000i\000o\000n\000s}{section.0.3}% 10
\BOOKMARK [2][-]{subsection.0.3.2}{\376\377\000B\000e\000y\000o\000n\000d\000\040\000A\000u\000t\000o\000m\000o\000t\000i\000v\000e}{section.0.3}% 11
\BOOKMARK [2][-]{subsection.0.3.3}{\376\377\000F\000o\000r\000m\000u\000l\000a\000\040\000S\000t\000u\000d\000e\000n\000t\000\040\000a\000s\000\040\000I\000n\000n\000o\000v\000a\000t\000i\000o\000n\000\040\000P\000l\000a\000t\000f\000o\000r\000m}{section.0.3}% 12
\BOOKMARK [1][-]{section.0.4}{\376\377\000T\000e\000c\000h\000n\000o\000l\000o\000g\000y\000\040\000C\000o\000m\000m\000e\000r\000c\000i\000a\000l\000i\000z\000a\000t\000i\000o\000n\000\040\000S\000t\000r\000a\000t\000e\000g\000y}{}% 13
\BOOKMARK [2][-]{subsection.0.4.1}{\376\377\000I\000n\000t\000e\000l\000l\000e\000c\000t\000u\000a\000l\000\040\000P\000r\000o\000p\000e\000r\000t\000y\000\040\000S\000t\000r\000a\000t\000e\000g\000y}{section.0.4}% 14
\BOOKMARK [2][-]{subsection.0.4.2}{\376\377\000G\000o\000-\000t\000o\000-\000M\000a\000r\000k\000e\000t\000\040\000S\000t\000r\000a\000t\000e\000g\000y}{section.0.4}% 15
\BOOKMARK [2][-]{subsection.0.4.3}{\376\377\000P\000a\000r\000t\000n\000e\000r\000s\000h\000i\000p\000\040\000O\000p\000p\000o\000r\000t\000u\000n\000i\000t\000i\000e\000s}{section.0.4}% 16
\BOOKMARK [1][-]{section.0.5}{\376\377\000R\000i\000s\000k\000\040\000A\000n\000a\000l\000y\000s\000i\000s\000\040\000a\000n\000d\000\040\000M\000i\000t\000i\000g\000a\000t\000i\000o\000n}{}% 17
\BOOKMARK [2][-]{subsection.0.5.1}{\376\377\000T\000e\000c\000h\000n\000i\000c\000a\000l\000\040\000R\000i\000s\000k\000s}{section.0.5}% 18
\BOOKMARK [2][-]{subsection.0.5.2}{\376\377\000M\000a\000r\000k\000e\000t\000\040\000R\000i\000s\000k\000s}{section.0.5}% 19
\BOOKMARK [2][-]{subsection.0.5.3}{\376\377\000M\000i\000t\000i\000g\000a\000t\000i\000o\000n\000\040\000S\000t\000r\000a\000t\000e\000g\000i\000e\000s}{section.0.5}% 20
\BOOKMARK [1][-]{section.0.6}{\376\377\000S\000u\000s\000t\000a\000i\000n\000a\000b\000i\000l\000i\000t\000y\000\040\000a\000n\000d\000\040\000E\000n\000v\000i\000r\000o\000n\000m\000e\000n\000t\000a\000l\000\040\000I\000m\000p\000a\000c\000t}{}% 21
\BOOKMARK [2][-]{subsection.0.6.1}{\376\377\000L\000i\000f\000e\000\040\000C\000y\000c\000l\000e\000\040\000A\000s\000s\000e\000s\000s\000m\000e\000n\000t}{section.0.6}% 22
\BOOKMARK [2][-]{subsection.0.6.2}{\376\377\000C\000i\000r\000c\000u\000l\000a\000r\000\040\000E\000c\000o\000n\000o\000m\000y\000\040\000C\000o\000n\000s\000i\000d\000e\000r\000a\000t\000i\000o\000n\000s}{section.0.6}% 23
\BOOKMARK [1][-]{section.0.7}{\376\377\000B\000u\000s\000i\000n\000e\000s\000s\000\040\000C\000o\000n\000c\000l\000u\000s\000i\000o\000n\000s\000\040\000a\000n\000d\000\040\000R\000e\000c\000o\000m\000m\000e\000n\000d\000a\000t\000i\000o\000n\000s}{}% 24
\BOOKMARK [2][-]{subsection.0.7.1}{\376\377\000K\000e\000y\000\040\000B\000u\000s\000i\000n\000e\000s\000s\000\040\000F\000i\000n\000d\000i\000n\000g\000s}{section.0.7}% 25
\BOOKMARK [2][-]{subsection.0.7.2}{\376\377\000S\000t\000r\000a\000t\000e\000g\000i\000c\000\040\000R\000e\000c\000o\000m\000m\000e\000n\000d\000a\000t\000i\000o\000n\000s}{section.0.7}% 26
