\BOOKMARK [0][-]{chapter.1}{\376\377\000C\000h\000a\000s\000s\000i\000s\000\040\000D\000e\000s\000i\000g\000n\000\040\000\050\000T\000o\000b\000y\000\040\000M\000c\000C\000o\000n\000n\000e\000l\000l\000\051}{}% 1
\BOOKMARK [1][-]{section.1.1}{\376\377\000I\000n\000t\000r\000o\000d\000u\000c\000t\000i\000o\000n\000\040\000a\000n\000d\000\040\000D\000e\000s\000i\000g\000n\000\040\000P\000h\000i\000l\000o\000s\000o\000p\000h\000y}{chapter.1}% 2
\BOOKMARK [1][-]{section.1.2}{\376\377\000D\000e\000s\000i\000g\000n\000\040\000R\000e\000q\000u\000i\000r\000e\000m\000e\000n\000t\000s\000\040\000a\000n\000d\000\040\000C\000o\000n\000s\000t\000r\000a\000i\000n\000t\000s}{chapter.1}% 3
\BOOKMARK [1][-]{section.1.3}{\376\377\000C\000h\000a\000s\000s\000i\000s\000\040\000T\000y\000p\000e\000\040\000S\000e\000l\000e\000c\000t\000i\000o\000n}{chapter.1}% 4
\BOOKMARK [1][-]{section.1.4}{\376\377\000M\000a\000t\000e\000r\000i\000a\000l\000\040\000S\000e\000l\000e\000c\000t\000i\000o\000n}{chapter.1}% 5
\BOOKMARK [2][-]{subsection.1.4.1}{\376\377\000M\000a\000s\000s\000,\000\040\000C\000o\000s\000t\000,\000\040\000a\000n\000d\000\040\000M\000a\000n\000u\000f\000a\000c\000t\000u\000r\000i\000n\000g\000\040\000A\000n\000a\000l\000y\000s\000i\000s}{section.1.4}% 6
\BOOKMARK [2][-]{subsection.1.4.2}{\376\377\000P\000u\000g\000h\000\040\000M\000a\000t\000r\000i\000x\000\040\000a\000n\000d\000\040\000F\000i\000n\000a\000l\000\040\000M\000a\000t\000e\000r\000i\000a\000l\000\040\000S\000e\000l\000e\000c\000t\000i\000o\000n}{section.1.4}% 7
\BOOKMARK [1][-]{section.1.5}{\376\377\000C\000h\000a\000s\000s\000i\000s\000\040\000A\000r\000c\000h\000i\000t\000e\000c\000t\000u\000r\000e}{chapter.1}% 8
\BOOKMARK [2][-]{subsection.1.5.1}{\376\377\000I\000m\000p\000a\000c\000t\000\040\000A\000t\000t\000e\000n\000u\000a\000t\000o\000r}{section.1.5}% 9
\BOOKMARK [2][-]{subsection.1.5.2}{\376\377\000W\000h\000e\000e\000l\000b\000a\000s\000e}{section.1.5}% 10
\BOOKMARK [2][-]{subsection.1.5.3}{\376\377\000S\000u\000s\000p\000e\000n\000s\000i\000o\000n\000\040\000H\000a\000r\000d\000p\000o\000i\000n\000t\000s}{section.1.5}% 11
\BOOKMARK [1][-]{section.1.6}{\376\377\000M\000a\000n\000u\000f\000a\000c\000t\000u\000r\000i\000n\000g\000\040\000a\000n\000d\000\040\000S\000t\000r\000u\000c\000t\000u\000r\000a\000l\000\040\000I\000n\000t\000e\000g\000r\000i\000t\000y\000\040\000R\000e\000p\000o\000r\000t}{chapter.1}% 12
\BOOKMARK [2][-]{subsection.1.6.1}{\376\377\000T\000u\000b\000e\000\040\000a\000n\000d\000\040\000W\000e\000l\000d\000\040\000C\000a\000p\000a\000c\000i\000t\000y\000\040\000C\000a\000l\000c\000u\000l\000a\000t\000i\000o\000n}{section.1.6}% 13
\BOOKMARK [1][-]{section.1.7}{\376\377\000C\000h\000a\000s\000s\000i\000s\000\040\000P\000e\000r\000f\000o\000r\000m\000a\000n\000c\000e\000\040\000V\000e\000r\000i\000f\000i\000c\000a\000t\000i\000o\000n\000\040\000w\000i\000t\000h\000\040\000F\000i\000n\000i\000t\000e\000\040\000E\000l\000e\000m\000e\000n\000t\000\040\000A\000n\000a\000l\000y\000s\000i\000s}{chapter.1}% 14
\BOOKMARK [2][-]{subsection.1.7.1}{\376\377\000S\000t\000a\000t\000i\000c\000\040\000a\000n\000d\000\040\000A\000c\000c\000e\000l\000e\000r\000a\000t\000i\000o\000n\000\040\000S\000i\000m\000u\000l\000a\000t\000i\000o\000n\000s}{section.1.7}% 15
\BOOKMARK [2][-]{subsection.1.7.2}{\376\377\000M\000o\000t\000o\000r\000\040\000T\000o\000r\000q\000u\000e\000\040\000L\000o\000a\000d\000\040\000C\000a\000s\000e}{section.1.7}% 16
\BOOKMARK [2][-]{subsection.1.7.3}{\376\377\000F\000r\000o\000n\000t\000\040\000I\000m\000p\000a\000c\000t\000\040\000S\000i\000m\000u\000l\000a\000t\000i\000o\000n}{section.1.7}% 17
\BOOKMARK [2][-]{subsection.1.7.4}{\376\377\000R\000e\000a\000r\000\040\000a\000n\000d\000\040\000S\000i\000d\000e\000\040\000I\000m\000p\000a\000c\000t\000\040\000S\000i\000m\000u\000l\000a\000t\000i\000o\000n\000s}{section.1.7}% 18
\BOOKMARK [1][-]{section.1.8}{\376\377\000C\000o\000m\000p\000l\000i\000a\000n\000c\000e\000\040\000a\000n\000d\000\040\000C\000o\000n\000c\000l\000u\000s\000i\000o\000n}{chapter.1}% 19
\BOOKMARK [0][-]{chapter.2}{\376\377\000S\000u\000s\000p\000e\000n\000s\000i\000o\000n\000,\000\040\000S\000t\000e\000e\000r\000i\000n\000g\000\040\000a\000n\000d\000\040\000R\000e\000a\000r\000\040\000A\000x\000l\000e\000\040\000D\000e\000s\000i\000g\000n\000\040\000\050\000Z\000i\000y\000a\000n\000g\000\040\000X\000i\000n\000g\000\051}{}% 20
\BOOKMARK [1][-]{section.2.1}{\376\377\000D\000e\000s\000i\000g\000n\000\040\000o\000b\000j\000e\000c\000t\000i\000v\000e\000\040\000a\000n\000d\000\040\000s\000y\000s\000t\000e\000m\000\040\000s\000c\000o\000p\000e}{chapter.2}% 21
\BOOKMARK [1][-]{section.2.2}{\376\377\000R\000e\000q\000u\000i\000r\000e\000m\000e\000n\000t\000s\000\040\000a\000n\000d\000\040\000d\000e\000s\000i\000g\000n\000\040\000c\000o\000n\000s\000t\000r\000a\000i\000n\000t\000s}{chapter.2}% 22
\BOOKMARK [1][-]{section.2.3}{\376\377\000C\000o\000m\000p\000l\000e\000t\000e\000d\000\040\000f\000r\000o\000n\000t\000\040\000s\000y\000s\000t\000e\000m\000s\000\040\000a\000n\000d\000\040\000o\000v\000e\000r\000a\000l\000l\000\040\000v\000e\000h\000i\000c\000l\000e\000\040\000l\000a\000y\000o\000u\000t}{chapter.2}% 23
\BOOKMARK [1][-]{section.2.4}{\376\377\000C\000o\000n\000c\000e\000p\000t\000\040\000g\000e\000n\000e\000r\000a\000t\000i\000o\000n\000\040\000a\000n\000d\000\040\000s\000e\000l\000e\000c\000t\000i\000o\000n}{chapter.2}% 24
\BOOKMARK [1][-]{section.2.5}{\376\377\000R\000e\000a\000r\000\040\000m\000u\000l\000t\000i\000-\000l\000i\000n\000k\000\040\000s\000u\000s\000p\000e\000n\000s\000i\000o\000n\000\040\000a\000r\000c\000h\000i\000t\000e\000c\000t\000u\000r\000e}{chapter.2}% 25
\BOOKMARK [1][-]{section.2.6}{\376\377\000A\000n\000t\000i\000-\000s\000q\000u\000a\000t\000\040\000a\000n\000d\000\040\000d\000y\000n\000a\000m\000i\000c\000\040\000t\000o\000e\000-\000c\000o\000n\000t\000r\000o\000l\000\040\000s\000t\000r\000a\000t\000e\000g\000y}{chapter.2}% 26
\BOOKMARK [1][-]{section.2.7}{\376\377\000S\000i\000n\000g\000l\000e\000\040\000i\000n\000b\000o\000a\000r\000d\000\040\000b\000r\000a\000k\000e\000\040\000a\000n\000d\000\040\000d\000r\000i\000v\000e\000t\000r\000a\000i\000n\000\040\000i\000n\000t\000e\000g\000r\000a\000t\000i\000o\000n}{chapter.2}% 27
\BOOKMARK [1][-]{section.2.8}{\376\377\000S\000y\000s\000t\000e\000m\000\040\000i\000n\000t\000e\000g\000r\000a\000t\000i\000o\000n\000\040\000a\000n\000d\000\040\000t\000e\000a\000m\000w\000o\000r\000k}{chapter.2}% 28
\BOOKMARK [1][-]{section.2.9}{\376\377\000V\000a\000l\000i\000d\000a\000t\000i\000o\000n\000\040\000p\000l\000a\000n\000,\000\040\000l\000i\000m\000i\000t\000a\000t\000i\000o\000n\000s\000\040\000a\000n\000d\000\040\000f\000u\000t\000u\000r\000e\000\040\000w\000o\000r\000k}{chapter.2}% 29
\BOOKMARK [1][-]{section.2.10}{\376\377\000C\000o\000n\000c\000l\000u\000s\000i\000o\000n}{chapter.2}% 30
\BOOKMARK [0][-]{chapter.3}{\376\377\000P\000o\000w\000e\000r\000t\000r\000a\000i\000n\000\040\000D\000e\000s\000i\000g\000n\000\040\000\050\000Y\000u\000z\000e\000\040\000J\000i\000a\000n\000g\000\051}{}% 31
\BOOKMARK [1][-]{section.3.1}{\376\377\000P\000o\000w\000e\000r\000t\000r\000a\000i\000n\000\040\000O\000v\000e\000r\000v\000i\000e\000w}{chapter.3}% 32
\BOOKMARK [2][-]{subsection.3.1.1}{\376\377\000D\000e\000s\000i\000g\000n\000\040\000O\000b\000j\000e\000c\000t\000i\000v\000e}{section.3.1}% 33
\BOOKMARK [2][-]{subsection.3.1.2}{\376\377\000P\000r\000o\000b\000l\000e\000m\000\040\000D\000e\000f\000i\000n\000i\000t\000i\000o\000n}{section.3.1}% 34
\BOOKMARK [2][-]{subsection.3.1.3}{\376\377\000P\000o\000w\000e\000r\000t\000r\000a\000i\000n\000\040\000S\000t\000r\000u\000c\000t\000u\000r\000e}{section.3.1}% 35
\BOOKMARK [1][-]{section.3.2}{\376\377\000M\000o\000t\000o\000r\000\040\000S\000e\000l\000e\000c\000t\000i\000o\000n}{chapter.3}% 36
\BOOKMARK [2][-]{subsection.3.2.1}{\376\377\000M\000o\000t\000o\000r\000\040\000C\000o\000n\000f\000i\000g\000u\000r\000a\000t\000i\000o\000n}{section.3.2}% 37
\BOOKMARK [2][-]{subsection.3.2.2}{\376\377\000M\000o\000t\000o\000r\000\040\000R\000e\000q\000u\000i\000r\000e\000m\000e\000n\000t\000s}{section.3.2}% 38
\BOOKMARK [2][-]{subsection.3.2.3}{\376\377\000C\000a\000n\000d\000i\000d\000a\000t\000e\000\040\000M\000o\000t\000o\000r\000s}{section.3.2}% 39
\BOOKMARK [2][-]{subsection.3.2.4}{\376\377\000S\000e\000l\000e\000c\000t\000i\000o\000n\000\040\000C\000r\000i\000t\000e\000r\000i\000a}{section.3.2}% 40
\BOOKMARK [2][-]{subsection.3.2.5}{\376\377\000E\000v\000a\000l\000u\000a\000t\000i\000o\000n}{section.3.2}% 41
\BOOKMARK [2][-]{subsection.3.2.6}{\376\377\000F\000i\000n\000a\000l\000\040\000D\000e\000c\000i\000s\000i\000o\000n}{section.3.2}% 42
\BOOKMARK [2][-]{subsection.3.2.7}{\376\377\000M\000o\000t\000o\000r\000\040\000O\000p\000e\000r\000a\000t\000i\000o\000n}{section.3.2}% 43
\BOOKMARK [2][-]{subsection.3.2.8}{\376\377\000F\000u\000r\000t\000h\000e\000r\000\040\000C\000o\000o\000l\000i\000n\000g\000\040\000S\000y\000s\000t\000e\000m\000\040\000I\000m\000p\000r\000o\000v\000e\000m\000e\000n\000t\000s}{section.3.2}% 44
\BOOKMARK [1][-]{section.3.3}{\376\377\000I\000n\000v\000e\000r\000t\000e\000r\000\040\000S\000e\000l\000e\000c\000t\000i\000o\000n}{chapter.3}% 45
\BOOKMARK [2][-]{subsection.3.3.1}{\376\377\000I\000n\000v\000e\000r\000t\000e\000r\000\040\000R\000e\000q\000u\000i\000r\000e\000m\000e\000n\000t\000s}{section.3.3}% 46
\BOOKMARK [2][-]{subsection.3.3.2}{\376\377\000C\000a\000n\000d\000i\000d\000a\000t\000e\000\040\000P\000a\000r\000a\000m\000e\000t\000e\000r\000s}{section.3.3}% 47
\BOOKMARK [2][-]{subsection.3.3.3}{\376\377\000S\000e\000l\000e\000c\000t\000i\000o\000n\000\040\000C\000r\000i\000t\000e\000r\000i\000a}{section.3.3}% 48
\BOOKMARK [2][-]{subsection.3.3.4}{\376\377\000E\000v\000a\000l\000u\000a\000t\000i\000o\000n}{section.3.3}% 49
\BOOKMARK [2][-]{subsection.3.3.5}{\376\377\000F\000i\000n\000a\000l\000\040\000D\000e\000c\000i\000s\000i\000o\000n}{section.3.3}% 50
\BOOKMARK [1][-]{section.3.4}{\376\377\000C\000o\000n\000t\000r\000o\000l\000l\000e\000r\000\040\000D\000e\000s\000i\000g\000n}{chapter.3}% 51
\BOOKMARK [2][-]{subsection.3.4.1}{\376\377\000C\000o\000n\000t\000r\000o\000l\000\040\000A\000r\000c\000h\000i\000t\000e\000c\000t\000u\000r\000e}{section.3.4}% 52
\BOOKMARK [2][-]{subsection.3.4.2}{\376\377\000S\000i\000g\000n\000a\000l\000\040\000P\000r\000o\000c\000e\000s\000s\000i\000n\000g}{section.3.4}% 53
\BOOKMARK [2][-]{subsection.3.4.3}{\376\377\000P\000l\000a\000u\000s\000i\000b\000i\000l\000i\000t\000y\000\040\000a\000n\000d\000\040\000S\000a\000f\000e\000t\000y\000\040\000H\000a\000n\000d\000l\000i\000n\000g}{section.3.4}% 54
\BOOKMARK [2][-]{subsection.3.4.4}{\376\377\000T\000o\000r\000q\000u\000e\000\040\000C\000o\000n\000t\000r\000o\000l\000\040\000S\000t\000r\000a\000t\000e\000g\000y}{section.3.4}% 55
\BOOKMARK [2][-]{subsection.3.4.5}{\376\377\000C\000o\000n\000s\000t\000r\000a\000i\000n\000t\000\040\000a\000n\000d\000\040\000F\000e\000e\000d\000b\000a\000c\000k\000\040\000H\000a\000n\000d\000l\000i\000n\000g}{section.3.4}% 56
\BOOKMARK [2][-]{subsection.3.4.6}{\376\377\000C\000o\000n\000t\000r\000o\000l\000l\000e\000r\000\040\000S\000e\000l\000e\000c\000t\000i\000o\000n}{section.3.4}% 57
\BOOKMARK [2][-]{subsection.3.4.7}{\376\377\000F\000i\000n\000a\000l\000\040\000D\000e\000c\000i\000s\000i\000o\000n}{section.3.4}% 58
\BOOKMARK [1][-]{section.3.5}{\376\377\000S\000h\000u\000t\000d\000o\000w\000n\000\040\000C\000i\000r\000c\000u\000i\000t\000\040\000\050\000S\000D\000C\000\051\000\040\000D\000e\000s\000i\000g\000n}{chapter.3}% 59
\BOOKMARK [2][-]{subsection.3.5.1}{\376\377\000O\000v\000e\000r\000v\000i\000e\000w\000\040\000o\000f\000\040\000S\000h\000u\000t\000d\000o\000w\000n\000\040\000C\000i\000r\000c\000u\000i\000t}{section.3.5}% 60
\BOOKMARK [2][-]{subsection.3.5.2}{\376\377\000S\000h\000u\000t\000d\000o\000w\000n\000\040\000C\000i\000r\000c\000u\000i\000t\000\040\000A\000r\000c\000h\000i\000t\000e\000c\000t\000u\000r\000e}{section.3.5}% 61
\BOOKMARK [2][-]{subsection.3.5.3}{\376\377\000K\000e\000y\000\040\000C\000o\000m\000p\000o\000n\000e\000n\000t\000s\000\040\000a\000n\000d\000\040\000O\000p\000e\000r\000a\000t\000i\000o\000n}{section.3.5}% 62
\BOOKMARK [1][-]{section.3.6}{\376\377\000D\000r\000i\000v\000e\000t\000r\000a\000i\000n\000\040\000D\000e\000s\000i\000g\000n}{chapter.3}% 63
\BOOKMARK [2][-]{subsection.3.6.1}{\376\377\000D\000e\000s\000i\000g\000n\000\040\000O\000v\000e\000r\000v\000i\000e\000w}{section.3.6}% 64
\BOOKMARK [2][-]{subsection.3.6.2}{\376\377\000M\000a\000t\000e\000r\000i\000a\000l\000\040\000S\000e\000l\000e\000c\000t\000i\000o\000n}{section.3.6}% 65
\BOOKMARK [1][-]{section.3.7}{\376\377\000D\000i\000f\000f\000e\000r\000e\000n\000t\000i\000a\000l\000\040\000D\000e\000s\000i\000g\000n}{chapter.3}% 66
\BOOKMARK [2][-]{subsection.3.7.1}{\376\377\000D\000e\000s\000i\000g\000n\000\040\000R\000a\000t\000i\000o\000n\000a\000l\000e}{section.3.7}% 67
\BOOKMARK [2][-]{subsection.3.7.2}{\376\377\000C\000o\000n\000f\000i\000g\000u\000r\000a\000t\000i\000o\000n\000\040\000C\000o\000m\000p\000a\000r\000i\000s\000o\000n}{section.3.7}% 68
\BOOKMARK [2][-]{subsection.3.7.3}{\376\377\000D\000i\000f\000f\000e\000r\000e\000n\000t\000i\000a\000l\000\040\000S\000e\000l\000e\000c\000t\000i\000o\000n}{section.3.7}% 69
\BOOKMARK [1][-]{section.3.8}{\376\377\000S\000u\000m\000m\000a\000r\000y}{chapter.3}% 70
\BOOKMARK [0][-]{chapter.4}{\376\377\000A\000c\000c\000u\000m\000u\000l\000a\000t\000o\000r\000\040\000D\000e\000s\000i\000g\000n\000\040\000\050\000P\000a\000u\000l\000\040\000V\000o\000g\000e\000l\000b\000e\000r\000g\000\051}{}% 71
\BOOKMARK [1][-]{section.4.1}{\376\377\000I\000n\000t\000r\000o\000d\000u\000c\000t\000i\000o\000n}{chapter.4}% 72
\BOOKMARK [2][-]{subsection.4.1.1}{\376\377\000P\000r\000o\000j\000e\000c\000t\000\040\000S\000c\000o\000p\000e}{section.4.1}% 73
\BOOKMARK [1][-]{section.4.2}{\376\377\000T\000e\000c\000h\000n\000o\000l\000o\000g\000y\000\040\000S\000e\000l\000e\000c\000t\000i\000o\000n}{chapter.4}% 74
\BOOKMARK [2][-]{subsection.4.2.1}{\376\377\000D\000e\000s\000i\000g\000n\000\040\000R\000e\000q\000u\000i\000r\000e\000m\000e\000n\000t\000s\000\040\000a\000n\000d\000\040\000S\000e\000l\000e\000c\000t\000i\000o\000n\000\040\000C\000r\000i\000t\000e\000r\000i\000a}{section.4.2}% 75
\BOOKMARK [2][-]{subsection.4.2.2}{\376\377\000E\000n\000e\000r\000g\000y\000\040\000S\000t\000o\000r\000a\000g\000e\000\040\000M\000e\000d\000i\000a\000\040\000S\000u\000r\000v\000e\000y}{section.4.2}% 76
\BOOKMARK [2][-]{subsection.4.2.3}{\376\377\000S\000u\000p\000e\000r\000c\000a\000p\000a\000c\000i\000t\000o\000r\000\040\000A\000n\000a\000l\000y\000s\000i\000s}{section.4.2}% 77
\BOOKMARK [2][-]{subsection.4.2.4}{\376\377\000S\000u\000p\000e\000r\000c\000a\000p\000a\000c\000i\000t\000o\000r\000\040\000C\000e\000l\000l\000\040\000S\000e\000l\000e\000c\000t\000i\000o\000n}{section.4.2}% 78
\BOOKMARK [2][-]{subsection.4.2.5}{\376\377\000T\000o\000l\000e\000r\000a\000n\000c\000e\000\040\000A\000n\000a\000l\000y\000s\000i\000s}{section.4.2}% 79
\BOOKMARK [2][-]{subsection.4.2.6}{\376\377\000T\000e\000c\000h\000n\000o\000l\000o\000g\000y\000\040\000S\000e\000l\000e\000c\000t\000i\000o\000n\000\040\000D\000e\000c\000i\000s\000i\000o\000n}{section.4.2}% 80
\BOOKMARK [1][-]{section.4.3}{\376\377\000E\000l\000e\000c\000t\000r\000i\000c\000a\000l\000\040\000S\000y\000s\000t\000e\000m\000\040\000D\000e\000s\000i\000g\000n}{chapter.4}% 81
\BOOKMARK [2][-]{subsection.4.3.1}{\376\377\000S\000y\000s\000t\000e\000m\000\040\000A\000r\000c\000h\000i\000t\000e\000c\000t\000u\000r\000e\000\040\000O\000v\000e\000r\000v\000i\000e\000w}{section.4.3}% 82
\BOOKMARK [2][-]{subsection.4.3.2}{\376\377\000B\000u\000s\000b\000a\000r\000\040\000D\000e\000s\000i\000g\000n}{section.4.3}% 83
\BOOKMARK [2][-]{subsection.4.3.3}{\376\377\000S\000a\000f\000e\000t\000y\000\040\000D\000e\000s\000i\000g\000n}{section.4.3}% 84
\BOOKMARK [2][-]{subsection.4.3.4}{\376\377\000M\000o\000n\000i\000t\000o\000r\000i\000n\000g\000\040\000a\000n\000d\000\040\000C\000o\000n\000t\000r\000o\000l\000\040\000S\000y\000s\000t\000e\000m\000s}{section.4.3}% 85
\BOOKMARK [2][-]{subsection.4.3.5}{\376\377\000S\000y\000s\000t\000e\000m\000\040\000I\000n\000t\000e\000g\000r\000a\000t\000i\000o\000n}{section.4.3}% 86
\BOOKMARK [1][-]{section.4.4}{\376\377\000M\000e\000c\000h\000a\000n\000i\000c\000a\000l\000\040\000D\000e\000s\000i\000g\000n\000\040\000a\000n\000d\000\040\000P\000a\000c\000k\000a\000g\000i\000n\000g}{chapter.4}% 87
\BOOKMARK [2][-]{subsection.4.4.1}{\376\377\000S\000e\000g\000m\000e\000n\000t\000\040\000D\000e\000s\000i\000g\000n}{section.4.4}% 88
\BOOKMARK [2][-]{subsection.4.4.2}{\376\377\000A\000c\000c\000u\000m\000u\000l\000a\000t\000o\000r\000\040\000C\000o\000n\000t\000a\000i\000n\000e\000r\000\040\000\050\000A\000C\000\051\000\040\000\046\000\040\000I\000n\000t\000e\000g\000r\000a\000t\000i\000o\000n\000\040\000w\000i\000t\000h\000\040\000V\000e\000h\000i\000c\000l\000e}{section.4.4}% 89
\BOOKMARK [1][-]{section.4.5}{\376\377\000R\000e\000s\000u\000l\000t\000s\000\040\000a\000n\000d\000\040\000D\000i\000s\000c\000u\000s\000s\000i\000o\000n}{chapter.4}% 90
\BOOKMARK [2][-]{subsection.4.5.1}{\376\377\000C\000o\000m\000p\000a\000r\000i\000s\000o\000n\000\040\000w\000i\000t\000h\000\040\000L\000i\000P\000o\000\040\000B\000a\000s\000e\000l\000i\000n\000e}{section.4.5}% 91
\BOOKMARK [2][-]{subsection.4.5.2}{\376\377\000D\000e\000s\000i\000g\000n\000\040\000C\000r\000i\000t\000e\000r\000i\000a\000\040\000A\000c\000h\000i\000e\000v\000e\000m\000e\000n\000t}{section.4.5}% 92
\BOOKMARK [1][-]{section.4.6}{\376\377\000F\000u\000t\000u\000r\000e\000\040\000I\000m\000p\000r\000o\000v\000e\000m\000e\000n\000t\000s\000\040\000a\000n\000d\000\040\000C\000o\000n\000c\000l\000u\000s\000i\000o\000n}{chapter.4}% 93
\BOOKMARK [2][-]{subsection.4.6.1}{\376\377\000R\000e\000f\000i\000n\000e\000m\000e\000n\000t\000s\000\040\000f\000o\000r\000\040\000I\000m\000p\000l\000e\000m\000e\000n\000t\000a\000t\000i\000o\000n}{section.4.6}% 94
\BOOKMARK [2][-]{subsection.4.6.2}{\376\377\000F\000u\000t\000u\000r\000e\000\040\000I\000m\000p\000r\000o\000v\000e\000m\000e\000n\000t\000s}{section.4.6}% 95
\BOOKMARK [2][-]{subsection.4.6.3}{\376\377\000C\000o\000n\000c\000l\000u\000s\000i\000o\000n}{section.4.6}% 96
\BOOKMARK [0][-]{chapter.5}{\376\377\000V\000e\000h\000i\000c\000l\000e\000\040\000D\000y\000n\000a\000m\000i\000c\000s\000\040\000S\000i\000m\000u\000l\000a\000t\000i\000o\000n\000\040\000\050\000H\000a\000r\000r\000y\000\040\000E\000m\000e\000s\000\051}{}% 97
\BOOKMARK [1][-]{section.5.1}{\376\377\000I\000n\000t\000r\000o\000d\000u\000c\000t\000i\000o\000n}{chapter.5}% 98
\BOOKMARK [1][-]{section.5.2}{\376\377\000S\000i\000m\000u\000l\000a\000t\000i\000o\000n\000\040\000M\000e\000t\000h\000o\000d\000o\000l\000o\000g\000y}{chapter.5}% 99
\BOOKMARK [2][-]{subsection.5.2.1}{\376\377\000L\000o\000n\000g\000i\000t\000u\000d\000i\000n\000a\000l\000\040\000e\000q\000u\000a\000t\000i\000o\000n\000\040\000o\000f\000\040\000m\000o\000t\000i\000o\000n\000\040\000a\000n\000d\000\040\000e\000f\000f\000e\000c\000t\000i\000v\000e\000\040\000m\000a\000s\000s}{section.5.2}% 100
\BOOKMARK [2][-]{subsection.5.2.2}{\376\377\000Q\000u\000a\000s\000i\000-\000s\000t\000a\000t\000i\000c\000\040\000l\000o\000n\000g\000i\000t\000u\000d\000i\000n\000a\000l\000\040\000l\000o\000a\000d\000\040\000t\000r\000a\000n\000s\000f\000e\000r}{section.5.2}% 101
\BOOKMARK [2][-]{subsection.5.2.3}{\376\377\000T\000y\000r\000e\000\040\000f\000o\000r\000c\000e\000\040\000m\000o\000d\000e\000l}{section.5.2}% 102
\BOOKMARK [3][-]{subsubsection.5.2.3.1}{\376\377\000T\000h\000e\000r\000m\000a\000l\000\040\000g\000r\000i\000p\000\040\000w\000i\000n\000d\000o\000w}{subsection.5.2.3}% 103
\BOOKMARK [2][-]{subsection.5.2.4}{\376\377\000P\000o\000w\000e\000r\000t\000r\000a\000i\000n\000\040\000a\000n\000d\000\040\000t\000h\000e\000\040\000e\000l\000e\000c\000t\000r\000i\000c\000a\000l\000\040\000p\000o\000w\000e\000r\000\040\000l\000i\000m\000i\000t}{section.5.2}% 104
\BOOKMARK [2][-]{subsection.5.2.5}{\376\377\000L\000a\000u\000n\000c\000h\000\040\000s\000t\000r\000a\000t\000e\000g\000y\000\040\000a\000n\000d\000\040\000t\000r\000a\000c\000t\000i\000o\000n\000\040\000c\000o\000n\000t\000r\000o\000l}{section.5.2}% 105
\BOOKMARK [2][-]{subsection.5.2.6}{\376\377\000A\000e\000r\000o\000d\000y\000n\000a\000m\000i\000c\000s\000\040\000a\000n\000d\000\040\000a\000n\000t\000i\000-\000s\000q\000u\000a\000t}{section.5.2}% 106
\BOOKMARK [2][-]{subsection.5.2.7}{\376\377\000N\000u\000m\000e\000r\000i\000c\000a\000l\000\040\000i\000n\000t\000e\000g\000r\000a\000t\000i\000o\000n}{section.5.2}% 107
\BOOKMARK [2][-]{subsection.5.2.8}{\376\377\000S\000o\000f\000t\000w\000a\000r\000e\000\040\000a\000r\000c\000h\000i\000t\000e\000c\000t\000u\000r\000e\000\040\000a\000n\000d\000\040\000t\000o\000o\000l\000i\000n\000g}{section.5.2}% 108
\BOOKMARK [1][-]{section.5.3}{\376\377\000V\000e\000r\000i\000f\000i\000c\000a\000t\000i\000o\000n\000\040\000a\000n\000d\000\040\000V\000a\000l\000i\000d\000a\000t\000i\000o\000n}{chapter.5}% 109
\BOOKMARK [2][-]{subsection.5.3.1}{\376\377\000A\000n\000a\000l\000y\000t\000i\000c\000a\000l\000\040\000l\000o\000w\000e\000r\000\040\000b\000o\000u\000n\000d}{section.5.3}% 110
\BOOKMARK [2][-]{subsection.5.3.2}{\376\377\000A\000n\000a\000l\000y\000t\000i\000c\000a\000l\000\040\000h\000a\000n\000d\000-\000c\000a\000l\000c\000u\000l\000a\000t\000i\000o\000n\000\040\000a\000g\000r\000e\000e\000m\000e\000n\000t}{section.5.3}% 111
\BOOKMARK [2][-]{subsection.5.3.3}{\376\377\000N\000u\000m\000e\000r\000i\000c\000a\000l\000\040\000c\000o\000n\000v\000e\000r\000g\000e\000n\000c\000e\000\040\000w\000i\000t\000h\000\040\000t\000i\000m\000e\000s\000t\000e\000p}{section.5.3}% 112
\BOOKMARK [2][-]{subsection.5.3.4}{\376\377\000S\000i\000m\000p\000l\000e\000\040\000v\000e\000r\000s\000u\000s\000\040\000P\000a\000c\000e\000j\000k\000a\000\040\000t\000y\000r\000e\000\040\000m\000o\000d\000e\000l}{section.5.3}% 113
\BOOKMARK [1][-]{section.5.4}{\376\377\000P\000a\000r\000a\000m\000e\000t\000e\000r\000\040\000S\000e\000n\000s\000i\000t\000i\000v\000i\000t\000y\000\040\000a\000n\000d\000\040\000D\000e\000s\000i\000g\000n\000\040\000O\000p\000t\000i\000m\000i\000s\000a\000t\000i\000o\000n}{chapter.5}% 114
\BOOKMARK [2][-]{subsection.5.4.1}{\376\377\000O\000n\000e\000-\000a\000t\000-\000a\000-\000t\000i\000m\000e\000\040\000s\000e\000n\000s\000i\000t\000i\000v\000i\000t\000y\000\040\000r\000a\000n\000k\000i\000n\000g}{section.5.4}% 115
\BOOKMARK [2][-]{subsection.5.4.2}{\376\377\000M\000o\000n\000t\000e\000\040\000C\000a\000r\000l\000o\000\040\000r\000o\000b\000u\000s\000t\000n\000e\000s\000s}{section.5.4}% 116
\BOOKMARK [2][-]{subsection.5.4.3}{\376\377\000D\000e\000s\000i\000g\000n\000\040\000o\000p\000t\000i\000m\000i\000s\000a\000t\000i\000o\000n}{section.5.4}% 117
\BOOKMARK [2][-]{subsection.5.4.4}{\376\377\000R\000o\000b\000u\000s\000t\000n\000e\000s\000s\000\040\000t\000o\000\040\000t\000r\000a\000c\000k\000\040\000s\000u\000r\000f\000a\000c\000e\000\040\000c\000o\000n\000d\000i\000t\000i\000o\000n\000s}{section.5.4}% 118
\BOOKMARK [1][-]{section.5.5}{\376\377\000P\000r\000e\000d\000i\000c\000t\000e\000d\000\040\000P\000e\000r\000f\000o\000r\000m\000a\000n\000c\000e\000\040\000o\000f\000\040\000t\000h\000e\000\040\000F\000i\000n\000a\000l\000\040\000V\000e\000h\000i\000c\000l\000e}{chapter.5}% 119
\BOOKMARK [2][-]{subsection.5.5.1}{\376\377\000R\000e\000q\000u\000i\000r\000e\000m\000e\000n\000t\000s\000\040\000f\000l\000o\000w\000-\000d\000o\000w\000n}{section.5.5}% 120
\BOOKMARK [2][-]{subsection.5.5.2}{\376\377\000F\000i\000n\000a\000l\000\040\000a\000g\000r\000e\000e\000d\000\040\000p\000a\000r\000a\000m\000e\000t\000e\000r\000\040\000s\000e\000t}{section.5.5}% 121
\BOOKMARK [2][-]{subsection.5.5.3}{\376\377\000C\000o\000n\000s\000t\000r\000a\000i\000n\000t\000\040\000a\000c\000t\000i\000v\000i\000t\000y\000\040\000a\000n\000d\000\040\000p\000h\000a\000s\000e\000\040\000a\000n\000a\000l\000y\000s\000i\000s}{section.5.5}% 122
\BOOKMARK [2][-]{subsection.5.5.4}{\376\377\000C\000o\000m\000p\000l\000i\000a\000n\000c\000e\000\040\000a\000n\000d\000\040\000p\000r\000e\000d\000i\000c\000t\000e\000d\000\040\000s\000c\000o\000r\000e}{section.5.5}% 123
\BOOKMARK [1][-]{section.5.6}{\376\377\000D\000i\000s\000c\000u\000s\000s\000i\000o\000n\000\040\000a\000n\000d\000\040\000L\000i\000m\000i\000t\000a\000t\000i\000o\000n\000s}{chapter.5}% 124
\BOOKMARK [1][-]{section.5.7}{\376\377\000C\000o\000n\000c\000l\000u\000s\000i\000o\000n\000s\000\040\000a\000n\000d\000\040\000F\000u\000r\000t\000h\000e\000r\000\040\000W\000o\000r\000k}{chapter.5}% 125
\BOOKMARK [0][-]{chapter.6}{\376\377\000M\000a\000r\000k\000e\000t\000\040\000A\000n\000a\000l\000y\000s\000i\000s\000\040\000a\000n\000d\000\040\000C\000o\000m\000p\000e\000t\000i\000t\000i\000o\000n\000\040\000A\000n\000a\000l\000y\000s\000i\000s\000\040\000\050\000T\000o\000b\000y\000\040\000M\000c\000C\000o\000n\000n\000e\000l\000l\000\051}{}% 126
\BOOKMARK [1][-]{section.6.1}{\376\377\000I\000n\000t\000r\000o\000d\000u\000c\000t\000i\000o\000n\000\040\000a\000n\000d\000\040\000E\000x\000e\000c\000u\000t\000i\000v\000e\000\040\000S\000u\000m\000m\000a\000r\000y}{chapter.6}% 127
\BOOKMARK [1][-]{section.6.2}{\376\377\000P\000r\000o\000d\000u\000c\000t\000\040\000O\000v\000e\000r\000v\000i\000e\000w\000\040\000a\000n\000d\000\040\000V\000a\000l\000u\000e\000\040\000P\000r\000o\000p\000o\000s\000i\000t\000i\000o\000n}{chapter.6}% 128
\BOOKMARK [1][-]{section.6.3}{\376\377\000M\000a\000r\000k\000e\000t\000\040\000S\000e\000g\000m\000e\000n\000t\000a\000t\000i\000o\000n\000\040\000S\000t\000r\000a\000t\000e\000g\000y\000\040\000O\000v\000e\000r\000v\000i\000e\000w}{chapter.6}% 129
\BOOKMARK [1][-]{section.6.4}{\376\377\000M\000a\000r\000k\000e\000t\000\040\000O\000p\000t\000i\000o\000n\000\040\0001\000:\000\040\000G\000o\000v\000e\000r\000n\000m\000e\000n\000t\000\040\000B\000r\000a\000k\000e\000\040\000T\000e\000s\000t\000i\000n\000g\000\040\000M\000a\000r\000k\000e\000t}{chapter.6}% 130
\BOOKMARK [2][-]{subsection.6.4.1}{\376\377\000M\000a\000r\000k\000e\000t\000\040\000O\000v\000e\000r\000v\000i\000e\000w\000\040\000a\000n\000d\000\040\000S\000i\000z\000e\000\040\000E\000s\000t\000i\000m\000a\000t\000i\000o\000n}{section.6.4}% 131
\BOOKMARK [2][-]{subsection.6.4.2}{\376\377\000M\000a\000r\000k\000e\000t\000\040\000S\000e\000g\000m\000e\000n\000t\000a\000t\000i\000o\000n}{section.6.4}% 132
\BOOKMARK [2][-]{subsection.6.4.3}{\376\377\000C\000o\000m\000m\000e\000r\000c\000i\000a\000l\000\040\000C\000h\000a\000l\000l\000e\000n\000g\000e\000s}{section.6.4}% 133
\BOOKMARK [1][-]{section.6.5}{\376\377\000M\000a\000r\000k\000e\000t\000\040\000O\000p\000t\000i\000o\000n\000\040\0002\000:\000\040\000A\000I\000\040\000a\000n\000d\000\040\000A\000u\000t\000o\000n\000o\000m\000o\000u\000s\000\040\000V\000e\000h\000i\000c\000l\000e\000\040\000T\000e\000s\000t\000i\000n\000g\000\040\000M\000a\000r\000k\000e\000t}{chapter.6}% 134
\BOOKMARK [2][-]{subsection.6.5.1}{\376\377\000M\000a\000r\000k\000e\000t\000\040\000O\000v\000e\000r\000v\000i\000e\000w\000\040\000a\000n\000d\000\040\000S\000i\000z\000e\000\040\000E\000s\000t\000i\000m\000a\000t\000i\000o\000n}{section.6.5}% 135
\BOOKMARK [2][-]{subsection.6.5.2}{\376\377\000M\000a\000r\000k\000e\000t\000\040\000S\000e\000g\000m\000e\000n\000t\000a\000t\000i\000o\000n}{section.6.5}% 136
\BOOKMARK [1][-]{section.6.6}{\376\377\000C\000o\000m\000p\000e\000t\000i\000t\000i\000v\000e\000\040\000L\000a\000n\000d\000s\000c\000a\000p\000e\000\040\000A\000n\000a\000l\000y\000s\000i\000s}{chapter.6}% 137
\BOOKMARK [2][-]{subsection.6.6.1}{\376\377\000M\000a\000c\000r\000o\000\040\000A\000n\000a\000l\000y\000s\000i\000s\000:\000\040\000P\000o\000r\000t\000e\000r\000'\000s\000\040\0005\000\040\000F\000o\000r\000c\000e\000s}{section.6.6}% 138
\BOOKMARK [2][-]{subsection.6.6.2}{\376\377\000M\000i\000c\000r\000o\000\040\000A\000n\000a\000l\000y\000s\000i\000s\000:\000\040\000D\000i\000r\000e\000c\000t\000\040\000C\000o\000m\000p\000e\000t\000i\000t\000o\000r\000s}{section.6.6}% 139
\BOOKMARK [2][-]{subsection.6.6.3}{\376\377\000M\000i\000c\000r\000o\000\040\000A\000n\000a\000l\000y\000s\000i\000s\000:\000\040\000I\000n\000d\000i\000r\000e\000c\000t\000\040\000C\000o\000m\000p\000e\000t\000i\000t\000o\000r\000s}{section.6.6}% 140
\BOOKMARK [1][-]{section.6.7}{\376\377\000S\000t\000r\000a\000t\000e\000g\000i\000c\000\040\000P\000o\000s\000i\000t\000i\000o\000n\000i\000n\000g}{chapter.6}% 141
\BOOKMARK [1][-]{section.6.8}{\376\377\000T\000a\000r\000g\000e\000t\000\040\000M\000a\000r\000k\000e\000t\000\040\000S\000e\000l\000e\000c\000t\000i\000o\000n}{chapter.6}% 142
\BOOKMARK [2][-]{subsection.6.8.1}{\376\377\000L\000a\000r\000g\000e\000\040\000A\000u\000t\000o\000m\000o\000t\000i\000v\000e\000\040\000O\000E\000M\000s}{section.6.8}% 143
\BOOKMARK [2][-]{subsection.6.8.2}{\376\377\000E\000l\000e\000c\000t\000r\000i\000c\000\040\000V\000e\000h\000i\000c\000l\000e\000\040\000S\000t\000a\000r\000t\000u\000p\000s}{section.6.8}% 144
\BOOKMARK [2][-]{subsection.6.8.3}{\376\377\000I\000n\000d\000e\000p\000e\000n\000d\000e\000n\000t\000\040\000A\000I\000\040\000T\000e\000c\000h\000n\000o\000l\000o\000g\000y\000\040\000F\000i\000r\000m\000s}{section.6.8}% 145
\BOOKMARK [2][-]{subsection.6.8.4}{\376\377\000T\000a\000r\000g\000e\000t\000i\000n\000g\000\040\000S\000t\000r\000a\000t\000e\000g\000y}{section.6.8}% 146
\BOOKMARK [2][-]{subsection.6.8.5}{\376\377\000S\000e\000r\000v\000i\000c\000a\000b\000l\000e\000\040\000O\000b\000t\000a\000i\000n\000a\000b\000l\000e\000\040\000M\000a\000r\000k\000e\000t\000\040\000\050\000S\000O\000M\000\051\000\040\000E\000s\000t\000i\000m\000a\000t\000i\000o\000n}{section.6.8}% 147
\BOOKMARK [1][-]{section.6.9}{\376\377\000P\000e\000r\000s\000o\000n\000a\000s\000\040\000a\000n\000d\000\040\000U\000s\000e\000r\000\040\000J\000o\000u\000r\000n\000e\000y}{chapter.6}% 148
\BOOKMARK [1][-]{section.6.10}{\376\377\000R\000o\000l\000e\000\040\000o\000f\000\040\000U\000s\000e\000r\000s\000\040\000i\000n\000\040\000D\000e\000v\000e\000l\000o\000p\000m\000e\000n\000t}{chapter.6}% 149
\BOOKMARK [1][-]{section.6.11}{\376\377\000I\000n\000t\000e\000l\000l\000e\000c\000t\000u\000a\000l\000\040\000P\000r\000o\000p\000e\000r\000t\000y\000\040\000a\000n\000d\000\040\000B\000a\000r\000r\000i\000e\000r\000s\000\040\000t\000o\000\040\000E\000n\000t\000r\000y}{chapter.6}% 150
\BOOKMARK [1][-]{section.6.12}{\376\377\000R\000i\000s\000k\000\040\000A\000n\000a\000l\000y\000s\000i\000s\000\040\000a\000n\000d\000\040\000S\000t\000r\000a\000t\000e\000g\000i\000c\000\040\000T\000r\000a\000d\000e\000-\000o\000f\000f\000s}{chapter.6}% 151
\BOOKMARK [2][-]{subsection.6.12.1}{\376\377\000I\000n\000i\000t\000i\000a\000l\000\040\000P\000r\000o\000d\000u\000c\000t\000\040\000D\000e\000v\000e\000l\000o\000p\000m\000e\000n\000t\000\040\000R\000i\000s\000k}{section.6.12}% 152
\BOOKMARK [2][-]{subsection.6.12.2}{\376\377\000M\000a\000r\000k\000e\000t\000\040\000R\000i\000s\000k}{section.6.12}% 153
\BOOKMARK [2][-]{subsection.6.12.3}{\376\377\000T\000e\000c\000h\000n\000o\000l\000o\000g\000i\000c\000a\000l\000\040\000R\000i\000s\000k}{section.6.12}% 154
\BOOKMARK [2][-]{subsection.6.12.4}{\376\377\000S\000t\000r\000a\000t\000e\000g\000y\000\040\000a\000n\000d\000\040\000O\000p\000e\000r\000a\000t\000i\000o\000n\000a\000l\000\040\000R\000i\000s\000k}{section.6.12}% 155
\BOOKMARK [2][-]{subsection.6.12.5}{\376\377\000R\000e\000g\000u\000l\000a\000t\000o\000r\000y\000\040\000R\000i\000s\000k}{section.6.12}% 156
\BOOKMARK [2][-]{subsection.6.12.6}{\376\377\000C\000o\000m\000p\000e\000t\000i\000t\000i\000v\000e\000\040\000R\000i\000s\000k}{section.6.12}% 157
\BOOKMARK [1][-]{section.6.13}{\376\377\000C\000o\000n\000c\000l\000u\000s\000i\000o\000n}{chapter.6}% 158
\BOOKMARK [0][-]{chapter.7}{\376\377\000S\000t\000r\000a\000t\000e\000g\000y\000\040\000\046\000\040\000S\000t\000a\000k\000e\000h\000o\000l\000d\000e\000r\000\040\000A\000n\000a\000l\000y\000s\000i\000s\000\040\000\050\000P\000a\000u\000l\000\040\000V\000o\000g\000e\000l\000b\000e\000r\000g\000\051}{}% 159
\BOOKMARK [1][-]{section.7.1}{\376\377\000I\000n\000t\000r\000o\000d\000u\000c\000t\000i\000o\000n\000\040\000t\000o\000\040\000t\000h\000e\000\040\000S\000t\000r\000a\000t\000e\000g\000i\000c\000\040\000P\000i\000v\000o\000t}{chapter.7}% 160
\BOOKMARK [1][-]{section.7.2}{\376\377\000M\000a\000c\000r\000o\000-\000E\000n\000v\000i\000r\000o\000n\000m\000e\000n\000t\000a\000l\000\040\000D\000y\000n\000a\000m\000i\000c\000s\000\040\000a\000n\000d\000\040\000t\000h\000e\000\040\000U\000K\000\040\000E\000c\000o\000s\000y\000s\000t\000e\000m}{chapter.7}% 161
\BOOKMARK [2][-]{subsection.7.2.1}{\376\377\000T\000h\000e\000\040\000Z\000e\000n\000z\000i\000c\000\040\000U\000K\000\040\000C\000A\000M\000\040\000R\000o\000a\000d\000m\000a\000p}{section.7.2}% 162
\BOOKMARK [2][-]{subsection.7.2.2}{\376\377\000U\000t\000i\000l\000i\000s\000i\000n\000g\000\040\000C\000A\000M\000\040\000T\000e\000s\000t\000b\000e\000d\000\040\000U\000K}{section.7.2}% 163
\BOOKMARK [1][-]{section.7.3}{\376\377\000M\000a\000n\000o\000e\000u\000v\000r\000i\000n\000g\000\040\000t\000o\000\040\000t\000h\000e\000\040\000T\000e\000s\000t\000i\000n\000g\000-\000a\000s\000-\000a\000-\000S\000e\000r\000v\000i\000c\000e\000\040\000\050\000T\000a\000a\000S\000\051\000\040\000M\000o\000d\000e\000l}{chapter.7}% 164
\BOOKMARK [2][-]{subsection.7.3.1}{\376\377\000H\000a\000r\000d\000w\000a\000r\000e\000\040\000S\000p\000e\000c\000i\000a\000l\000i\000s\000a\000t\000i\000o\000n\000:\000\040\000T\000h\000e\000\040\000"\000S\000p\000r\000i\000n\000t\000"\000\040\000A\000d\000v\000a\000n\000t\000a\000g\000e}{section.7.3}% 165
\BOOKMARK [2][-]{subsection.7.3.2}{\376\377\000F\000u\000l\000l\000-\000S\000e\000r\000v\000i\000c\000e\000\040\000I\000n\000t\000e\000g\000r\000a\000t\000i\000o\000n\000\040\000o\000v\000e\000r\000\040\000H\000a\000r\000d\000w\000a\000r\000e\000\040\000R\000e\000n\000t\000a\000l}{section.7.3}% 166
\BOOKMARK [2][-]{subsection.7.3.3}{\376\377\000S\000u\000p\000p\000l\000y\000\040\000C\000h\000a\000i\000n\000\040\000a\000n\000d\000\040\000M\000a\000r\000g\000i\000n\000\040\000D\000e\000f\000e\000n\000s\000i\000b\000i\000l\000i\000t\000y}{section.7.3}% 167
\BOOKMARK [1][-]{section.7.4}{\376\377\000S\000t\000a\000k\000e\000h\000o\000l\000d\000e\000r\000\040\000S\000a\000l\000i\000e\000n\000c\000e\000\040\000I\000d\000e\000n\000t\000i\000f\000i\000c\000a\000t\000i\000o\000n}{chapter.7}% 168
\BOOKMARK [2][-]{subsection.7.4.1}{\376\377\000I\000n\000t\000r\000o\000d\000u\000c\000t\000i\000o\000n\000\040\000t\000o\000\040\000t\000h\000e\000\040\000m\000o\000d\000e\000l}{section.7.4}% 169
\BOOKMARK [2][-]{subsection.7.4.2}{\376\377\000A\000p\000p\000l\000y\000i\000n\000g\000\040\000t\000h\000e\000\040\000m\000o\000d\000e\000l}{section.7.4}% 170
\BOOKMARK [2][-]{subsection.7.4.3}{\376\377\000C\000o\000n\000t\000i\000n\000u\000a\000t\000i\000o\000n\000s\000\040\000t\000o\000\040\000t\000h\000e\000\040\000m\000o\000d\000e\000l}{section.7.4}% 171
\BOOKMARK [1][-]{section.7.5}{\376\377\000U\000s\000e\000r\000\040\000P\000e\000r\000s\000o\000n\000a\000s}{chapter.7}% 172
\BOOKMARK [2][-]{subsection.7.5.1}{\376\377\000T\000h\000e\000\040\000C\000A\000M\000\040\000T\000e\000s\000t\000b\000e\000d\000\040\000O\000p\000e\000r\000a\000t\000i\000o\000n\000s\000\040\000D\000i\000r\000e\000c\000t\000o\000r\000\040\000\050\000T\000h\000e\000\040\000P\000a\000r\000t\000n\000e\000r\000\051}{section.7.5}% 173
\BOOKMARK [2][-]{subsection.7.5.2}{\376\377\000T\000h\000e\000\040\000I\000n\000d\000e\000p\000e\000n\000d\000e\000n\000t\000\040\000L\000i\000a\000b\000i\000l\000i\000t\000y\000\040\000A\000s\000s\000e\000s\000s\000o\000r\000\040\000\050\000T\000h\000e\000\040\000G\000a\000t\000e\000k\000e\000e\000p\000e\000r\000\051}{section.7.5}% 174
\BOOKMARK [1][-]{section.7.6}{\376\377\000I\000n\000t\000e\000g\000r\000a\000t\000e\000d\000\040\000S\000t\000r\000a\000t\000e\000g\000y\000\040\000f\000o\000r\000\040\000E\000t\000h\000i\000c\000s\000,\000\040\000L\000i\000a\000b\000i\000l\000i\000t\000y\000,\000\040\000a\000n\000d\000\040\000S\000a\000f\000e\000t\000y\000\040\000A\000s\000s\000u\000r\000a\000n\000c\000e}{chapter.7}% 175
\BOOKMARK [2][-]{subsection.7.6.1}{\376\377\000T\000h\000e\000\040\000E\000t\000h\000i\000c\000a\000l\000\040\000S\000a\000f\000e\000t\000y\000\040\000B\000u\000f\000f\000e\000r}{section.7.6}% 176
\BOOKMARK [2][-]{subsection.7.6.2}{\376\377\000L\000i\000a\000b\000i\000l\000i\000t\000y\000\040\000D\000e\000m\000a\000r\000c\000a\000t\000i\000o\000n\000\040\000t\000h\000r\000o\000u\000g\000h\000\040\000D\000a\000t\000a\000\040\000T\000r\000a\000n\000s\000p\000a\000r\000e\000n\000c\000y}{section.7.6}% 177
\BOOKMARK [2][-]{subsection.7.6.3}{\376\377\000A\000l\000g\000o\000r\000i\000t\000h\000m\000i\000c\000\040\000B\000i\000a\000s\000,\000\040\000C\000y\000b\000e\000r\000s\000e\000c\000u\000r\000i\000t\000y\000,\000\040\000a\000n\000d\000\040\000C\000o\000n\000t\000i\000n\000u\000o\000u\000s\000\040\000L\000e\000a\000r\000n\000i\000n\000g}{section.7.6}% 178
\BOOKMARK [1][-]{section.7.7}{\376\377\000S\000u\000s\000t\000a\000i\000n\000a\000b\000i\000l\000i\000t\000y\000,\000\040\000L\000i\000f\000e\000c\000y\000c\000l\000e\000,\000\040\000a\000n\000d\000\040\000t\000h\000e\000\040\000C\000i\000r\000c\000u\000l\000a\000r\000\040\000E\000c\000o\000n\000o\000m\000y}{chapter.7}% 179
\BOOKMARK [2][-]{subsection.7.7.1}{\376\377\000P\000r\000o\000d\000u\000c\000t\000-\000S\000e\000r\000v\000i\000c\000e\000\040\000S\000y\000s\000t\000e\000m\000s\000\040\000\050\000P\000S\000S\000\051\000\040\000F\000r\000a\000m\000e\000w\000o\000r\000k}{section.7.7}% 180
\BOOKMARK [2][-]{subsection.7.7.2}{\376\377\000T\000h\000e\000\040\0009\000R\000\040\000F\000r\000a\000m\000e\000w\000o\000r\000k\000\040\000A\000p\000p\000l\000i\000c\000a\000t\000i\000o\000n}{section.7.7}% 181
\BOOKMARK [1][-]{section.7.8}{\376\377\000S\000t\000r\000a\000t\000e\000g\000i\000c\000\040\000L\000i\000m\000i\000t\000a\000t\000i\000o\000n\000s\000\040\000\046\000\040\000C\000r\000o\000s\000s\000-\000F\000u\000n\000c\000t\000i\000o\000n\000a\000l\000\040\000D\000e\000p\000e\000n\000d\000e\000n\000c\000i\000e\000s}{chapter.7}% 182
\BOOKMARK [2][-]{subsection.7.8.1}{\376\377\000F\000i\000n\000a\000n\000c\000i\000a\000l\000\040\000E\000x\000p\000o\000s\000u\000r\000e\000\040\000a\000n\000d\000\040\000C\000a\000p\000i\000t\000a\000l\000\040\000I\000n\000t\000e\000n\000s\000i\000t\000y}{section.7.8}% 183
\BOOKMARK [2][-]{subsection.7.8.2}{\376\377\000A\000s\000s\000e\000t\000\040\000O\000w\000n\000e\000r\000s\000h\000i\000p\000\040\000a\000n\000d\000\040\000t\000h\000e\000\040\000M\000a\000i\000n\000t\000e\000n\000a\000n\000c\000e\000\040\000B\000o\000t\000t\000l\000e\000n\000e\000c\000k}{section.7.8}% 184
\BOOKMARK [2][-]{subsection.7.8.3}{\376\377\000T\000h\000e\000\040\000R\000e\000g\000u\000l\000a\000t\000o\000r\000y\000\040\000"\000C\000o\000l\000d\000\040\000S\000t\000a\000r\000t\000"\000\040\000P\000r\000o\000b\000l\000e\000m}{section.7.8}% 185
\BOOKMARK [0][-]{chapter.8}{\376\377\000C\000o\000m\000m\000e\000r\000c\000i\000a\000l\000l\000y\000\040\000D\000r\000i\000v\000e\000n\000\040\000D\000e\000s\000i\000g\000n\000\040\000R\000e\000q\000u\000i\000r\000e\000m\000e\000n\000t\000s\000\040\000a\000n\000d\000\040\000P\000r\000o\000t\000o\000t\000y\000p\000e\000\040\000P\000l\000a\000n\000n\000i\000n\000g\000\040\000\050\000Z\000i\000y\000a\000n\000g\000\040\000X\000i\000n\000g\000\051}{}% 186
\BOOKMARK [1][-]{section.8.1}{\376\377\000P\000u\000r\000p\000o\000s\000e\000\040\000a\000n\000d\000\040\000c\000o\000m\000m\000e\000r\000c\000i\000a\000l\000\040\000f\000r\000a\000m\000i\000n\000g}{chapter.8}% 187
\BOOKMARK [1][-]{section.8.2}{\376\377\000U\000K\000\040\000m\000a\000r\000k\000e\000t\000\040\000n\000e\000e\000d\000\040\000a\000n\000d\000\040\000c\000u\000s\000t\000o\000m\000e\000r\000\040\000p\000r\000o\000b\000l\000e\000m}{chapter.8}% 188
\BOOKMARK [2][-]{subsection.8.2.1}{\376\377\000W\000h\000y\000\040\000a\000\040\000p\000h\000y\000s\000i\000c\000a\000l\000\040\000A\000E\000B\000\040\000t\000e\000s\000t\000\040\000c\000a\000r\000r\000i\000e\000r\000\040\000i\000s\000\040\000u\000s\000e\000f\000u\000l}{section.8.2}% 189
\BOOKMARK [2][-]{subsection.8.2.2}{\376\377\000C\000u\000s\000t\000o\000m\000e\000r\000\040\000s\000e\000g\000m\000e\000n\000t\000s}{section.8.2}% 190
\BOOKMARK [2][-]{subsection.8.2.3}{\376\377\000U\000K\000\040\000p\000o\000l\000i\000c\000y\000\040\000a\000n\000d\000\040\000s\000t\000a\000n\000d\000a\000r\000d\000s\000\040\000c\000o\000n\000t\000e\000x\000t}{section.8.2}% 191
\BOOKMARK [1][-]{section.8.3}{\376\377\000D\000e\000s\000i\000g\000n\000\040\000r\000e\000q\000u\000i\000r\000e\000m\000e\000n\000t\000s\000\040\000a\000s\000\040\000c\000o\000m\000m\000e\000r\000c\000i\000a\000l\000\040\000r\000e\000q\000u\000i\000r\000e\000m\000e\000n\000t\000s}{chapter.8}% 192
\BOOKMARK [2][-]{subsection.8.3.1}{\376\377\000R\000e\000q\000u\000i\000r\000e\000m\000e\000n\000t\000\040\000l\000o\000g\000i\000c}{section.8.3}% 193
\BOOKMARK [2][-]{subsection.8.3.2}{\376\377\000P\000h\000y\000s\000i\000c\000a\000l\000\040\000p\000e\000r\000f\000o\000r\000m\000a\000n\000c\000e}{section.8.3}% 194
\BOOKMARK [2][-]{subsection.8.3.3}{\376\377\000E\000x\000p\000e\000r\000i\000m\000e\000n\000t\000a\000l\000\040\000s\000e\000t\000u\000p\000\040\000a\000n\000d\000\040\000r\000e\000p\000e\000a\000t\000a\000b\000i\000l\000i\000t\000y}{section.8.3}% 195
\BOOKMARK [2][-]{subsection.8.3.4}{\376\377\000S\000t\000a\000n\000d\000a\000r\000d\000s\000,\000\040\000d\000a\000t\000a\000,\000\040\000a\000n\000d\000\040\000e\000v\000i\000d\000e\000n\000c\000e\000\040\000q\000u\000a\000l\000i\000t\000y}{section.8.3}% 196
\BOOKMARK [1][-]{section.8.4}{\376\377\000P\000r\000o\000t\000o\000t\000y\000p\000e\000\040\000r\000o\000a\000d\000m\000a\000p\000:\000\040\000E\000x\000p\000l\000o\000r\000e\000,\000\040\000V\000a\000l\000i\000d\000a\000t\000e\000,\000\040\000D\000e\000m\000o\000n\000s\000t\000r\000a\000t\000e\000,\000\040\000C\000o\000n\000v\000i\000n\000c\000e}{chapter.8}% 197
\BOOKMARK [2][-]{subsection.8.4.1}{\376\377\000W\000h\000y\000\040\000s\000t\000a\000g\000e\000d\000\040\000p\000r\000o\000t\000o\000t\000y\000p\000i\000n\000g\000\040\000i\000s\000\040\000n\000e\000c\000e\000s\000s\000a\000r\000y}{section.8.4}% 198
\BOOKMARK [2][-]{subsection.8.4.2}{\376\377\000S\000t\000a\000g\000e\000\040\000d\000e\000f\000i\000n\000i\000t\000i\000o\000n\000s}{section.8.4}% 199
\BOOKMARK [1][-]{section.8.5}{\376\377\000V\000a\000l\000u\000e\000\040\000p\000r\000o\000p\000o\000s\000i\000t\000i\000o\000n\000\040\000a\000n\000d\000\040\000b\000u\000s\000i\000n\000e\000s\000s\000\040\000m\000o\000d\000e\000l}{chapter.8}% 200
\BOOKMARK [2][-]{subsection.8.5.1}{\376\377\000V\000a\000l\000u\000e\000\040\000p\000r\000o\000p\000o\000s\000i\000t\000i\000o\000n}{section.8.5}% 201
\BOOKMARK [2][-]{subsection.8.5.2}{\376\377\000C\000o\000m\000m\000e\000r\000c\000i\000a\000l\000\040\000m\000o\000d\000e\000l\000\040\000o\000p\000t\000i\000o\000n\000s}{section.8.5}% 202
\BOOKMARK [1][-]{section.8.6}{\376\377\000A\000s\000s\000u\000m\000p\000t\000i\000o\000n\000s\000,\000\040\000r\000i\000s\000k\000s\000,\000\040\000a\000n\000d\000\040\000l\000i\000m\000i\000t\000a\000t\000i\000o\000n\000s}{chapter.8}% 203
\BOOKMARK [2][-]{subsection.8.6.1}{\376\377\000K\000e\000y\000\040\000a\000s\000s\000u\000m\000p\000t\000i\000o\000n\000s}{section.8.6}% 204
\BOOKMARK [2][-]{subsection.8.6.2}{\376\377\000R\000i\000s\000k\000\040\000m\000a\000n\000a\000g\000e\000m\000e\000n\000t}{section.8.6}% 205
\BOOKMARK [2][-]{subsection.8.6.3}{\376\377\000L\000i\000m\000i\000t\000a\000t\000i\000o\000n\000s}{section.8.6}% 206
\BOOKMARK [1][-]{section.8.7}{\376\377\000S\000u\000s\000t\000a\000i\000n\000a\000b\000i\000l\000i\000t\000y\000,\000\040\000e\000t\000h\000i\000c\000s\000,\000\040\000I\000P\000,\000\040\000a\000n\000d\000\040\000c\000o\000n\000c\000l\000u\000s\000i\000o\000n}{chapter.8}% 207
\BOOKMARK [0][-]{chapter.9}{\376\377\000S\000u\000p\000p\000l\000y\000\040\000C\000h\000a\000i\000n\000\040\000D\000e\000s\000i\000g\000n\000\040\000\050\000Y\000u\000z\000e\000\040\000J\000i\000a\000n\000g\000\051}{}% 208
\BOOKMARK [1][-]{section.9.1}{\376\377\000I\000n\000t\000r\000o\000d\000u\000c\000t\000i\000o\000n}{chapter.9}% 209
\BOOKMARK [1][-]{section.9.2}{\376\377\000S\000u\000p\000p\000l\000y\000\040\000C\000h\000a\000i\000n\000\040\000S\000t\000r\000a\000t\000e\000g\000y}{chapter.9}% 210
\BOOKMARK [2][-]{subsection.9.2.1}{\376\377\000S\000t\000r\000a\000t\000e\000g\000i\000c\000\040\000O\000b\000j\000e\000c\000t\000i\000v\000e}{section.9.2}% 211
\BOOKMARK [2][-]{subsection.9.2.2}{\376\377\000S\000y\000s\000t\000e\000m\000\040\000F\000r\000a\000m\000i\000n\000g}{section.9.2}% 212
\BOOKMARK [2][-]{subsection.9.2.3}{\376\377\000S\000t\000r\000a\000t\000e\000g\000y\000\040\000T\000y\000p\000e}{section.9.2}% 213
\BOOKMARK [1][-]{section.9.3}{\376\377\000S\000u\000p\000p\000l\000y\000\040\000C\000h\000a\000i\000n\000\040\000P\000l\000a\000n\000n\000i\000n\000g}{chapter.9}% 214
\BOOKMARK [2][-]{subsection.9.3.1}{\376\377\000P\000l\000a\000n\000n\000i\000n\000g\000\040\000F\000r\000a\000m\000e\000w\000o\000r\000k}{section.9.3}% 215
\BOOKMARK [2][-]{subsection.9.3.2}{\376\377\000F\000a\000i\000l\000u\000r\000e\000\040\000M\000o\000d\000e\000\040\000a\000n\000d\000\040\000E\000f\000f\000e\000c\000t\000\040\000A\000n\000a\000l\000y\000s\000i\000s\000\040\000\050\000F\000E\000M\000A\000\051}{section.9.3}% 216
\BOOKMARK [2][-]{subsection.9.3.3}{\376\377\000R\000i\000s\000k\000\040\000C\000l\000a\000s\000s\000i\000f\000i\000c\000a\000t\000i\000o\000n}{section.9.3}% 217
\BOOKMARK [2][-]{subsection.9.3.4}{\376\377\000S\000p\000a\000r\000e\000\040\000P\000l\000a\000n\000n\000i\000n\000g}{section.9.3}% 218
\BOOKMARK [2][-]{subsection.9.3.5}{\376\377\000R\000i\000s\000k\000\040\000M\000i\000t\000i\000g\000a\000t\000i\000o\000n}{section.9.3}% 219
\BOOKMARK [2][-]{subsection.9.3.6}{\376\377\000C\000o\000n\000c\000l\000u\000s\000i\000o\000n}{section.9.3}% 220
\BOOKMARK [1][-]{section.9.4}{\376\377\000S\000u\000p\000p\000l\000y\000\040\000C\000h\000a\000i\000n\000\040\000O\000p\000e\000r\000a\000t\000i\000o\000n}{chapter.9}% 221
\BOOKMARK [2][-]{subsection.9.4.1}{\376\377\000O\000p\000e\000r\000a\000t\000i\000o\000n\000a\000l\000\040\000F\000l\000o\000w}{section.9.4}% 222
\BOOKMARK [2][-]{subsection.9.4.2}{\376\377\000P\000r\000o\000c\000e\000s\000s\000\040\000B\000e\000h\000a\000v\000i\000o\000u\000r}{section.9.4}% 223
\BOOKMARK [2][-]{subsection.9.4.3}{\376\377\000D\000o\000w\000n\000t\000i\000m\000e\000\040\000a\000n\000d\000\040\000P\000e\000r\000f\000o\000r\000m\000a\000n\000c\000e\000\040\000C\000o\000n\000s\000t\000r\000a\000i\000n\000t\000s}{section.9.4}% 224
\BOOKMARK [2][-]{subsection.9.4.4}{\376\377\000P\000r\000o\000c\000e\000s\000s\000\040\000I\000m\000p\000r\000o\000v\000e\000m\000e\000n\000t\000s}{section.9.4}% 225
\BOOKMARK [2][-]{subsection.9.4.5}{\376\377\000K\000e\000y\000\040\000A\000c\000t\000i\000v\000i\000t\000i\000e\000s}{section.9.4}% 226
\BOOKMARK [1][-]{section.9.5}{\376\377\000C\000o\000n\000c\000l\000u\000s\000i\000o\000n}{chapter.9}% 227
\BOOKMARK [0][-]{chapter.10}{\376\377\000F\000i\000n\000a\000n\000c\000i\000a\000l\000\040\000A\000n\000a\000l\000y\000s\000i\000s\000\040\000\050\000H\000a\000r\000r\000y\000\040\000E\000m\000e\000s\000\051}{}% 228
\BOOKMARK [1][-]{section.10.1}{\376\377\000S\000c\000o\000p\000e\000\040\000a\000n\000d\000\040\000m\000e\000t\000h\000o\000d\000o\000l\000o\000g\000y}{chapter.10}% 229
\BOOKMARK [2][-]{subsection.10.1.1}{\376\377\000W\000h\000y\000\040\000t\000h\000e\000\040\000T\000a\000a\000S\000\040\000s\000t\000r\000u\000c\000t\000u\000r\000e\000\040\000r\000e\000q\000u\000i\000r\000e\000s\000\040\000d\000e\000d\000i\000c\000a\000t\000e\000d\000\040\000f\000i\000n\000a\000n\000c\000i\000a\000l\000\040\000e\000v\000a\000l\000u\000a\000t\000i\000o\000n}{section.10.1}% 230
\BOOKMARK [1][-]{section.10.2}{\376\377\000C\000o\000s\000t\000\040\000s\000t\000r\000u\000c\000t\000u\000r\000e\000,\000\040\000r\000e\000v\000e\000n\000u\000e\000\040\000m\000o\000d\000e\000l\000\040\000a\000n\000d\000\040\000f\000i\000v\000e\000-\000y\000e\000a\000r\000\040\000f\000o\000r\000e\000c\000a\000s\000t}{chapter.10}% 231
\BOOKMARK [2][-]{subsection.10.2.1}{\376\377\000C\000A\000P\000E\000X\000\040\000m\000o\000d\000e\000l\000:\000\040\000t\000h\000e\000\040\000c\000o\000s\000t\000\040\000o\000f\000\040\000o\000w\000n\000e\000r\000s\000h\000i\000p\000\040\000t\000h\000e\000\040\000o\000p\000e\000r\000a\000t\000o\000r\000\040\000a\000b\000s\000o\000r\000b\000s}{section.10.2}% 232
\BOOKMARK [2][-]{subsection.10.2.2}{\376\377\000O\000P\000E\000X\000\040\000m\000o\000d\000e\000l\000:\000\040\000a\000\040\000f\000i\000x\000e\000d\000-\000c\000o\000s\000t\000-\000h\000e\000a\000v\000y\000\040\000d\000e\000l\000i\000v\000e\000r\000y\000\040\000o\000p\000e\000r\000a\000t\000i\000o\000n}{section.10.2}% 233
\BOOKMARK [2][-]{subsection.10.2.3}{\376\377\000R\000e\000v\000e\000n\000u\000e\000\040\000m\000o\000d\000e\000l\000:\000\040\000e\000v\000e\000r\000y\000\040\000p\000o\000u\000n\000d\000\040\000t\000e\000t\000h\000e\000r\000e\000d\000\040\000t\000o\000\040\000f\000l\000e\000e\000t\000\040\000u\000t\000i\000l\000i\000s\000a\000t\000i\000o\000n}{section.10.2}% 234
\BOOKMARK [2][-]{subsection.10.2.4}{\376\377\000C\000A\000P\000E\000X\000\040\000i\000n\000v\000e\000r\000s\000i\000o\000n\000\040\000t\000i\000m\000e\000l\000i\000n\000e}{section.10.2}% 235
\BOOKMARK [2][-]{subsection.10.2.5}{\376\377\000F\000i\000v\000e\000-\000y\000e\000a\000r\000\040\000p\000r\000o\000f\000i\000t\000\040\000\046\000\040\000l\000o\000s\000s\000\040\000f\000o\000r\000e\000c\000a\000s\000t}{section.10.2}% 236
\BOOKMARK [2][-]{subsection.10.2.6}{\376\377\000F\000i\000v\000e\000-\000y\000e\000a\000r\000\040\000c\000a\000s\000h\000-\000f\000l\000o\000w\000\040\000f\000o\000r\000e\000c\000a\000s\000t}{section.10.2}% 237
\BOOKMARK [1][-]{section.10.3}{\376\377\000C\000a\000p\000i\000t\000a\000l\000-\000b\000u\000d\000g\000e\000t\000i\000n\000g\000\040\000a\000s\000s\000e\000s\000s\000m\000e\000n\000t}{chapter.10}% 238
\BOOKMARK [2][-]{subsection.10.3.1}{\376\377\000B\000r\000e\000a\000k\000-\000e\000v\000e\000n\000\040\000a\000n\000a\000l\000y\000s\000i\000s}{section.10.3}% 239
\BOOKMARK [2][-]{subsection.10.3.2}{\376\377\000N\000P\000V\000\040\000a\000n\000d\000\040\000I\000R\000R\000\040\040\023\000\040\000t\000h\000e\000\040\000c\000a\000p\000i\000t\000a\000l\000-\000b\000u\000d\000g\000e\000t\000i\000n\000g\000\040\000v\000i\000e\000w}{section.10.3}% 240
\BOOKMARK [2][-]{subsection.10.3.3}{\376\377\000S\000e\000n\000s\000i\000t\000i\000v\000i\000t\000y\000\040\000a\000n\000a\000l\000y\000s\000i\000s}{section.10.3}% 241
\BOOKMARK [2][-]{subsection.10.3.4}{\376\377\000S\000c\000e\000n\000a\000r\000i\000o\000\040\000a\000n\000a\000l\000y\000s\000i\000s}{section.10.3}% 242
\BOOKMARK [1][-]{section.10.4}{\376\377\000F\000i\000n\000a\000n\000c\000i\000a\000l\000\040\000r\000i\000s\000k\000:\000\040\000t\000h\000e\000\040\000d\000o\000w\000n\000t\000i\000m\000e\000\040\000c\000a\000s\000e}{chapter.10}% 243
\BOOKMARK [2][-]{subsection.10.4.1}{\376\377\000D\000o\000w\000n\000t\000i\000m\000e\000\040\000s\000e\000n\000s\000i\000t\000i\000v\000i\000t\000y\000\040\040\023\000\040\000q\000u\000a\000n\000t\000i\000f\000y\000i\000n\000g\000\040\000t\000h\000e\000\040\000m\000a\000i\000n\000t\000e\000n\000a\000n\000c\000e\000\040\000d\000e\000p\000e\000n\000d\000e\000n\000c\000y}{section.10.4}% 244
\BOOKMARK [2][-]{subsection.10.4.2}{\376\377\000F\000i\000n\000a\000n\000c\000i\000a\000l\000\040\000r\000i\000s\000k\000:\000\040\000c\000a\000s\000h\000-\000h\000e\000a\000d\000r\000o\000o\000m\000\040\000a\000s\000s\000e\000s\000s\000m\000e\000n\000t}{section.10.4}% 245
\BOOKMARK [1][-]{section.10.5}{\376\377\000F\000u\000n\000d\000i\000n\000g\000\040\000s\000t\000r\000a\000t\000e\000g\000y\000,\000\040\000v\000a\000l\000u\000a\000t\000i\000o\000n\000\040\000a\000n\000d\000\040\000f\000i\000n\000a\000n\000c\000i\000a\000l\000\040\000K\000P\000I\000s}{chapter.10}% 246
\BOOKMARK [2][-]{subsection.10.5.1}{\376\377\000F\000u\000n\000d\000i\000n\000g\000\040\000s\000t\000r\000a\000t\000e\000g\000y\000\040\000a\000n\000d\000\040\000u\000s\000e\000\040\000o\000f\000\040\000f\000u\000n\000d\000s}{section.10.5}% 247
\BOOKMARK [2][-]{subsection.10.5.2}{\376\377\000V\000a\000l\000u\000a\000t\000i\000o\000n\000\040\000\050\000c\000o\000m\000p\000a\000r\000a\000b\000l\000e\000\040\000m\000u\000l\000t\000i\000p\000l\000e\000s\000\051}{section.10.5}% 248
\BOOKMARK [1][-]{section.10.6}{\376\377\000C\000o\000n\000c\000l\000u\000s\000i\000o\000n\000s\000\040\000a\000n\000d\000\040\000R\000e\000c\000o\000m\000m\000e\000n\000d\000a\000t\000i\000o\000n\000s}{chapter.10}% 249
