\BOOKMARK [0][-]{chapter.1}{\376\377\000C\000h\000a\000s\000s\000i\000s\000\040\000D\000e\000s\000i\000g\000n}{}% 1
\BOOKMARK [1][-]{section.1.1}{\376\377\000I\000n\000t\000r\000o\000d\000u\000c\000t\000i\000o\000n\000\040\000a\000n\000d\000\040\000D\000e\000s\000i\000g\000n\000\040\000P\000h\000i\000l\000o\000s\000o\000p\000h\000y}{chapter.1}% 2
\BOOKMARK [1][-]{section.1.2}{\376\377\000D\000e\000s\000i\000g\000n\000\040\000R\000e\000q\000u\000i\000r\000e\000m\000e\000n\000t\000s\000\040\000a\000n\000d\000\040\000C\000o\000n\000s\000t\000r\000a\000i\000n\000t\000s}{chapter.1}% 3
\BOOKMARK [1][-]{section.1.3}{\376\377\000C\000h\000a\000s\000s\000i\000s\000\040\000T\000y\000p\000e\000\040\000S\000e\000l\000e\000c\000t\000i\000o\000n}{chapter.1}% 4
\BOOKMARK [1][-]{section.1.4}{\376\377\000M\000a\000t\000e\000r\000i\000a\000l\000\040\000S\000e\000l\000e\000c\000t\000i\000o\000n}{chapter.1}% 5
\BOOKMARK [2][-]{subsection.1.4.1}{\376\377\000M\000a\000s\000s\000,\000\040\000C\000o\000s\000t\000,\000\040\000a\000n\000d\000\040\000M\000a\000n\000u\000f\000a\000c\000t\000u\000r\000i\000n\000g\000\040\000A\000n\000a\000l\000y\000s\000i\000s}{section.1.4}% 6
\BOOKMARK [2][-]{subsection.1.4.2}{\376\377\000P\000u\000g\000h\000\040\000M\000a\000t\000r\000i\000x\000\040\000a\000n\000d\000\040\000F\000i\000n\000a\000l\000\040\000M\000a\000t\000e\000r\000i\000a\000l\000\040\000S\000e\000l\000e\000c\000t\000i\000o\000n}{section.1.4}% 7
\BOOKMARK [1][-]{section.1.5}{\376\377\000C\000h\000a\000s\000s\000i\000s\000\040\000A\000r\000c\000h\000i\000t\000e\000c\000t\000u\000r\000e}{chapter.1}% 8
\BOOKMARK [2][-]{subsection.1.5.1}{\376\377\000I\000m\000p\000a\000c\000t\000\040\000A\000t\000t\000e\000n\000u\000a\000t\000o\000r}{section.1.5}% 9
\BOOKMARK [2][-]{subsection.1.5.2}{\376\377\000W\000h\000e\000e\000l\000b\000a\000s\000e}{section.1.5}% 10
\BOOKMARK [2][-]{subsection.1.5.3}{\376\377\000S\000u\000s\000p\000e\000n\000s\000i\000o\000n\000\040\000H\000a\000r\000d\000p\000o\000i\000n\000t\000s}{section.1.5}% 11
\BOOKMARK [1][-]{section.1.6}{\376\377\000M\000a\000n\000u\000f\000a\000c\000t\000u\000r\000i\000n\000g\000\040\000a\000n\000d\000\040\000S\000t\000r\000u\000c\000t\000u\000r\000a\000l\000\040\000I\000n\000t\000e\000g\000r\000i\000t\000y\000\040\000R\000e\000p\000o\000r\000t}{chapter.1}% 12
\BOOKMARK [2][-]{subsection.1.6.1}{\376\377\000T\000u\000b\000e\000\040\000a\000n\000d\000\040\000W\000e\000l\000d\000\040\000C\000a\000p\000a\000c\000i\000t\000y\000\040\000C\000a\000l\000c\000u\000l\000a\000t\000i\000o\000n}{section.1.6}% 13
\BOOKMARK [1][-]{section.1.7}{\376\377\000C\000h\000a\000s\000s\000i\000s\000\040\000P\000e\000r\000f\000o\000r\000m\000a\000n\000c\000e\000\040\000V\000e\000r\000i\000f\000i\000c\000a\000t\000i\000o\000n\000\040\000w\000i\000t\000h\000\040\000F\000i\000n\000i\000t\000e\000\040\000E\000l\000e\000m\000e\000n\000t\000\040\000A\000n\000a\000l\000y\000s\000i\000s}{chapter.1}% 14
\BOOKMARK [2][-]{subsection.1.7.1}{\376\377\000S\000t\000a\000t\000i\000c\000\040\000a\000n\000d\000\040\000A\000c\000c\000e\000l\000e\000r\000a\000t\000i\000o\000n\000\040\000S\000i\000m\000u\000l\000a\000t\000i\000o\000n\000s}{section.1.7}% 15
\BOOKMARK [3][-]{subsubsection.1.7.1.1}{\376\377\000R\000e\000s\000t\000i\000n\000g\000\040\000L\000o\000a\000d\000\040\000C\000a\000s\000e}{subsection.1.7.1}% 16
\BOOKMARK [3][-]{subsubsection.1.7.1.2}{\376\377\000A\000c\000c\000e\000l\000e\000r\000a\000t\000i\000o\000n\000\040\000L\000o\000a\000d\000\040\000C\000a\000s\000e}{subsection.1.7.1}% 17
\BOOKMARK [2][-]{subsection.1.7.2}{\376\377\000M\000o\000t\000o\000r\000\040\000T\000o\000r\000q\000u\000e\000\040\000L\000o\000a\000d\000\040\000C\000a\000s\000e}{section.1.7}% 18
\BOOKMARK [2][-]{subsection.1.7.3}{\376\377\000F\000r\000o\000n\000t\000\040\000I\000m\000p\000a\000c\000t\000\040\000S\000i\000m\000u\000l\000a\000t\000i\000o\000n}{section.1.7}% 19
\BOOKMARK [2][-]{subsection.1.7.4}{\376\377\000R\000e\000a\000r\000\040\000a\000n\000d\000\040\000S\000i\000d\000e\000\040\000I\000m\000p\000a\000c\000t\000\040\000S\000i\000m\000u\000l\000a\000t\000i\000o\000n\000s}{section.1.7}% 20
\BOOKMARK [1][-]{section.1.8}{\376\377\000C\000o\000m\000p\000l\000i\000a\000n\000c\000e\000\040\000a\000n\000d\000\040\000C\000o\000n\000c\000l\000u\000s\000i\000o\000n}{chapter.1}% 21
